<?xml version="1.0" encoding="UTF-8"?>
<testsuite name="rspec2" tests="6" skipped="0" failures="0" errors="0" time="128.916829" timestamp="2021-12-03T17:15:50+00:00" hostname="55c38678cb7f">
<properties>
<property name="seed" value="57963"/>
</properties>
<testcase classname="spec.chime.integration.disputes_service.disputes_service_in_app_disputes_spec" name="DisputesService validate In-App Disputes Filing when dispute reason is non_receipt_of_goods_or_services behaves like it creates a dispute via Server-API creates a dispute with the correct reason in disputes-service" file="./spec/chime/integration/disputes_service/disputes_service_in_app_disputes_spec.rb" time="49.734663"></testcase>
<testcase classname="spec.chime.integration.disputes_service.disputes_service_in_app_disputes_spec" name="DisputesService validate In-App Disputes Filing when dispute reason is merchandise_was_returned behaves like it creates a dispute via Server-API creates a dispute with the correct reason in disputes-service" file="./spec/chime/integration/disputes_service/disputes_service_in_app_disputes_spec.rb" time="15.938389"></testcase>
<testcase classname="spec.chime.integration.disputes_service.disputes_service_in_app_disputes_spec" name="DisputesService validate In-App Disputes Filing when dispute reason is paid_for_goods_services_by_other_means behaves like it creates a dispute via Server-API creates a dispute with the correct reason in disputes-service" file="./spec/chime/integration/disputes_service/disputes_service_in_app_disputes_spec.rb" time="15.077773"></testcase>
<testcase classname="spec.chime.integration.disputes_service.disputes_service_in_app_disputes_spec" name="DisputesService validate In-App Disputes Filing when dispute reason is duplicate_charge behaves like it creates a dispute via Server-API creates a dispute with the correct reason in disputes-service" file="./spec/chime/integration/disputes_service/disputes_service_in_app_disputes_spec.rb" time="15.847648"></testcase>
<testcase classname="spec.chime.integration.disputes_service.disputes_service_in_app_disputes_spec" name="DisputesService validate In-App Disputes Filing when dispute reason is credit_not_posted behaves like it creates a dispute via Server-API creates a dispute with the correct reason in disputes-service" file="./spec/chime/integration/disputes_service/disputes_service_in_app_disputes_spec.rb" time="16.298993"></testcase>
<testcase classname="spec.chime.integration.disputes_service.disputes_service_in_app_disputes_spec" name="DisputesService validate In-App Disputes Filing when dispute reason is incorrect_amount_charged behaves like it creates a dispute via Server-API creates a dispute with the correct reason in disputes-service" file="./spec/chime/integration/disputes_service/disputes_service_in_app_disputes_spec.rb" time="15.969727"></testcase>
</testsuite>
